<?xml version="1.0" encoding="UTF-8"?>
<testng-results total="1" passed="1" failed="0" skipped="0">
  <reporter-output>
  </reporter-output>
  <suite started-at="2021-06-02T14:37:31Z" name="Default suite" finished-at="2021-06-02T14:37:45Z" duration-ms="14180">
    <groups>
    </groups>
    <test started-at="2021-06-02T14:37:31Z" name="Default test" finished-at="2021-06-02T14:37:45Z" duration-ms="14180">
      <class name="test_case_one.NewTest">
        <test-method is-config="true" signature="launchBrowser()[pri:0, instance:test_case_one.NewTest@6c372fe6]" started-at="2021-06-02T16:37:31Z" name="launchBrowser" finished-at="2021-06-02T16:37:34Z" duration-ms="2682" status="PASS">
          <reporter-output>
          </reporter-output>
        </test-method> <!-- launchBrowser -->
        <test-method is-config="true" signature="beforeMethod()[pri:0, instance:test_case_one.NewTest@6c372fe6]" started-at="2021-06-02T16:37:34Z" name="beforeMethod" finished-at="2021-06-02T16:37:34Z" duration-ms="130" status="PASS">
          <reporter-output>
          </reporter-output>
        </test-method> <!-- beforeMethod -->
        <test-method signature="careers()[pri:0, instance:test_case_one.NewTest@6c372fe6]" started-at="2021-06-02T16:37:34Z" name="careers" finished-at="2021-06-02T16:37:45Z" duration-ms="11359" status="PASS">
          <reporter-output>
          </reporter-output>
        </test-method> <!-- careers -->
        <test-method is-config="true" signature="afterMethod()[pri:0, instance:test_case_one.NewTest@6c372fe6]" started-at="2021-06-02T16:37:45Z" name="afterMethod" finished-at="2021-06-02T16:37:45Z" duration-ms="0" status="PASS">
          <reporter-output>
          </reporter-output>
        </test-method> <!-- afterMethod -->
      </class> <!-- test_case_one.NewTest -->
    </test> <!-- Default test -->
  </suite> <!-- Default suite -->
</testng-results>
